<?xml version="1.0" encoding="UTF-8"?>
<!-- Generated by org.testng.reporters.JUnitReportReporter -->
<testsuite hostname="QINDW143" name="com.raisin.test.runner.TestRunner" tests="1" failures="0" timestamp="2 Mar 2019 04:48:10 GMT" time="86.408" errors="0">
  <testcase name="feature" time="86.408" classname="com.raisin.test.runner.TestRunner"/>
</testsuite> <!-- com.raisin.test.runner.TestRunner -->
